This is SBCL 1.3.1.debian, an implementation of ANSI Common Lisp.
More information about SBCL is available at <http://www.sbcl.org/>.

SBCL is free software, provided as is, with absolutely no warranty.
It is mostly in the public domain; some portions are provided under
BSD-style licenses.  See the CREDITS and COPYING files in the
distribution for more information.

BFS each step printout: 
Step: 0
 Paths: 
  (0 (1))


Step: 1
 Paths: 
  (25.950586 (4 1))
  (8.209853 (3 1))
  (21.047512 (2 1))


Step: 2
 Paths: 
  (39.076714 (7 4 1))
  (38.249607 (6 4 1))
  (21.537903 (5 3 1))
  (43.20143 (5 4 1))
  (33.042805 (4 3 1))
  (40.038864 (3 2 1))


Step: 3
 Paths: 
  (63.772064 (10 7 4 1))
  (47.386475 (9 7 4 1))
  (46.941193 (8 6 4 1))
  (53.44973 (8 5 3 1))
  (75.11326 (8 5 4 1))
  (37.36836 (7 5 3 1))
  (46.168934 (7 4 3 1))
  (59.031887 (7 5 4 1))
  (45.341827 (6 4 3 1))
  (50.293648 (5 4 3 1))
  (53.366913 (5 3 2 1))
  (64.87182 (4 3 2 1))


Step: 4
 Paths: 
  (59.67552 (11 9 7 4 1))
  (63.14784 (11 8 6 4 1))
  (69.65637 (11 8 5 3 1))
  (76.65771 (11 10 7 4 1))
  (91.3199 (11 8 5 4 1))
  (57.523003 (10 8 6 4 1))
  (62.063705 (10 7 5 3 1))
  (64.03154 (10 8 5 3 1))
  (70.86428 (10 7 4 3 1))
  (83.727234 (10 7 5 4 1))
  (85.69507 (10 8 5 4 1))
  (45.67812 (9 7 5 3 1))
  (54.478695 (9 7 4 3 1))
  (60.577347 (9 8 6 4 1))
  (67.085884 (9 8 5 3 1))
  (67.341644 (9 7 5 4 1))
  (88.74941 (9 8 5 4 1))
  (54.033413 (8 6 4 3 1))
  (82.205475 (8 5 4 3 1))
  (85.27874 (8 5 3 2 1))
  (66.12411 (7 5 4 3 1))
  (69.19737 (7 5 3 2 1))
  (77.99795 (7 4 3 2 1))
  (77.17084 (6 4 3 2 1))
  (82.122665 (5 4 3 2 1))


Step: 5
 Paths: 
  (57.967163 (11 9 7 5 3 1))
  (66.76774 (11 9 7 4 3 1))
  (70.24006 (11 8 6 4 3 1))
  (70.408646 (11 10 8 6 4 1))
  (72.866394 (11 9 8 6 4 1))
  (74.94935 (11 10 7 5 3 1))
  (76.91718 (11 10 8 5 3 1))
  (79.37493 (11 9 8 5 3 1))
  (79.63069 (11 9 7 5 4 1))
  (83.74992 (11 10 7 4 3 1))
  (96.61288 (11 10 7 5 4 1))
  (98.412125 (11 8 5 4 3 1))
  (98.58071 (11 10 8 5 4 1))
  (101.03846 (11 9 8 5 4 1))
  (101.48538 (11 8 5 3 2 1))
  (64.61522 (10 8 6 4 3 1))
  (90.81946 (10 7 5 4 3 1))
  (92.787285 (10 8 5 4 3 1))
  (93.89272 (10 7 5 3 2 1))
  (95.86055 (10 8 5 3 2 1))
  (102.6933 (10 7 4 3 2 1))
  (67.66956 (9 8 6 4 3 1))
  (74.43387 (9 7 5 4 3 1))
  (77.50713 (9 7 5 3 2 1))
  (86.30771 (9 7 4 3 2 1))
  (95.84163 (9 8 5 4 3 1))
  (98.914894 (9 8 5 3 2 1))
  (85.86242 (8 6 4 3 2 1))
  (114.03449 (8 5 4 3 2 1))
  (97.953125 (7 5 4 3 2 1))


Step: 6
 Paths: 
  (77.50086 (11 10 8 6 4 3 1))
  (79.95861 (11 9 8 6 4 3 1))
  (86.722916 (11 9 7 5 4 3 1))
  (89.79618 (11 9 7 5 3 2 1))
  (98.596756 (11 9 7 4 3 2 1))
  (102.06906 (11 8 6 4 3 2 1))
  (103.7051 (11 10 7 5 4 3 1))
  (105.67293 (11 10 8 5 4 3 1))
  (106.778366 (11 10 7 5 3 2 1))
  (108.13068 (11 9 8 5 4 3 1))
  (108.74619 (11 10 8 5 3 2 1))
  (111.20394 (11 9 8 5 3 2 1))
  (115.57894 (11 10 7 4 3 2 1))
  (130.24113 (11 8 5 4 3 2 1))
  (96.44423 (10 8 6 4 3 2 1))
  (122.648476 (10 7 5 4 3 2 1))
  (124.6163 (10 8 5 4 3 2 1))
  (99.49857 (9 8 6 4 3 2 1))
  (106.262886 (9 7 5 4 3 2 1))
  (127.67065 (9 8 5 4 3 2 1))


Step: 7
 Paths: 
  (109.32987 (11 10 8 6 4 3 2 1))
  (111.78762 (11 9 8 6 4 3 2 1))
  (118.55193 (11 9 7 5 4 3 2 1))
  (135.53412 (11 10 7 5 4 3 2 1))
  (137.50194 (11 10 8 5 4 3 2 1))
  (139.95969 (11 9 8 5 4 3 2 1))


DFS s-exp and solution: 
(1
 (2
  (3
   (4
    (5 (7 (9 (11 118.55193)) (10 (11 135.53412)))
     (8 (9 (11 139.95969)) (10 (11 137.50194)) (11 130.24113)))
    (6 (8 (9 (11 111.78762)) (10 (11 109.32987)) (11 102.06906)))
    (7 (9 (11 98.596756)) (10 (11 115.57894))))
   (5 (7 (9 (11 89.79618)) (10 (11 106.778366)))
    (8 (9 (11 111.20394)) (10 (11 108.74619)) (11 101.48538)))))
 (3
  (4
   (5 (7 (9 (11 86.722916)) (10 (11 103.7051)))
    (8 (9 (11 108.13068)) (10 (11 105.67293)) (11 98.412125)))
   (6 (8 (9 (11 79.95861)) (10 (11 77.50086)) (11 70.24006)))
   (7 (9 (11 66.76774)) (10 (11 83.74992))))
  (5 (7 (9 (11 57.967163)) (10 (11 74.94935)))
   (8 (9 (11 79.37493)) (10 (11 76.91718)) (11 69.65637))))
 (4
  (5 (7 (9 (11 79.63069)) (10 (11 96.61288)))
   (8 (9 (11 101.03846)) (10 (11 98.58071)) (11 91.3199)))
  (6 (8 (9 (11 72.866394)) (10 (11 70.408646)) (11 63.14784)))
  (7 (9 (11 59.67552)) (10 (11 76.65771)))))

solution: (57.967163 (1 3 5 7 9 11))

Pretty tree for DFS: 

1
├2
│└3
│ ├4
│ │├5
│ ││├7
│ │││├9
│ ││││└11=> 118.55193
│ │││└10
│ │││ └11=> 135.53412
│ ││└8
│ ││ ├9
│ ││ │└11=> 139.95969
│ ││ ├10
│ ││ │└11=> 137.50194
│ ││ └11=> 130.24113
│ │├6
│ ││└8
│ ││ ├9
│ ││ │└11=> 111.78762
│ ││ ├10
│ ││ │└11=> 109.32987
│ ││ └11=> 102.06906
│ │└7
│ │ ├9
│ │ │└11=> 98.596756
│ │ └10
│ │  └11=> 115.57894
│ └5
│  ├7
│  │├9
│  ││└11=> 89.79618
│  │└10
│  │ └11=> 106.778366
│  └8
│   ├9
│   │└11=> 111.20394
│   ├10
│   │└11=> 108.74619
│   └11=> 101.48538
├3
│├4
││├5
│││├7
││││├9
│││││└11=> 86.722916
││││└10
││││ └11=> 103.7051
│││└8
│││ ├9
│││ │└11=> 108.13068
│││ ├10
│││ │└11=> 105.67293
│││ └11=> 98.412125
││├6
│││└8
│││ ├9
│││ │└11=> 79.95861
│││ ├10
│││ │└11=> 77.50086
│││ └11=> 70.24006
││└7
││ ├9
││ │└11=> 66.76774
││ └10
││  └11=> 83.74992
│└5
│ ├7
│ │├9
│ ││└11=> 57.967163
│ │└10
│ │ └11=> 74.94935
│ └8
│  ├9
│  │└11=> 79.37493
│  ├10
│  │└11=> 76.91718
│  └11=> 69.65637
└4
 ├5
 │├7
 ││├9
 │││└11=> 79.63069
 ││└10
 ││ └11=> 96.61288
 │└8
 │ ├9
 │ │└11=> 101.03846
 │ ├10
 │ │└11=> 98.58071
 │ └11=> 91.3199
 ├6
 │└8
 │ ├9
 │ │└11=> 72.866394
 │ ├10
 │ │└11=> 70.408646
 │ └11=> 63.14784
 └7
  ├9
  │└11=> 59.67552
  └10
   └11=> 76.65771
